Found 0 tasks that need reminders
Reminder process completed
Found 0 tasks that need reminders
Reminder process completed
Found 1 tasks that need reminders
Reminder process completed
Found 1 tasks that need reminders
Reminder process completed
Found 1 tasks that need reminders
Reminder process completed
Found 1 tasks that need reminders
Reminder process completed
Found 2 tasks that need reminders
Sent reminder email to thaokarutkarsh@gmail.com
Reminder process completed
Found 1 tasks that need reminders
Reminder process completed
Found 1 tasks that need reminders
Reminder process completed
Found 1 tasks that need reminders
Reminder process completed
Found 1 tasks that need reminders
Reminder process completed
Found 1 tasks that need reminders
Reminder process completed
Found 1 tasks that need reminders
Reminder process completed
Found 1 tasks that need reminders
Reminder process completed
Found 1 tasks that need reminders
Reminder process completed
Found 1 tasks that need reminders
Reminder process completed
Found 1 tasks that need reminders
Reminder process completed
Found 1 tasks that need reminders
Reminder process completed
Found 1 tasks that need reminders
Reminder process completed
Found 1 tasks that need reminders
Reminder process completed
Found 1 tasks that need reminders
Reminder process completed
Found 1 tasks that need reminders
Reminder process completed
Found 1 tasks that need reminders
Reminder process completed
Found 1 tasks that need reminders
Reminder process completed
Found 1 tasks that need reminders
Reminder process completed
Found 1 tasks that need reminders
Reminder process completed
Found 1 tasks that need reminders
Reminder process completed
Found 1 tasks that need reminders
Reminder process completed
Found 1 tasks that need reminders
Reminder process completed
Found 1 tasks that need reminders
Reminder process completed
Found 1 tasks that need reminders
Reminder process completed
Found 1 tasks that need reminders
Reminder process completed
Found 1 tasks that need reminders
Reminder process completed
Found 1 tasks that need reminders
Reminder process completed
Found 1 tasks that need reminders
Reminder process completed
Found 1 tasks that need reminders
Reminder process completed
Found 1 tasks that need reminders
Reminder process completed
Found 1 tasks that need reminders
Reminder process completed
Found 1 tasks that need reminders
Reminder process completed
Found 1 tasks that need reminders
Reminder process completed
Found 1 tasks that need reminders
Reminder process completed
Found 1 tasks that need reminders
Reminder process completed
Found 1 tasks that need reminders
Reminder process completed
Found 1 tasks that need reminders
Reminder process completed
Found 1 tasks that need reminders
Reminder process completed
Found 1 tasks that need reminders
Reminder process completed
Found 1 tasks that need reminders
Reminder process completed
Found 1 tasks that need reminders
Reminder process completed
Found 1 tasks that need reminders
Reminder process completed
Found 1 tasks that need reminders
Reminder process completed
Found 1 tasks that need reminders
Reminder process completed
Found 1 tasks that need reminders
Reminder process completed
Found 1 tasks that need reminders
Reminder process completed
Found 1 tasks that need reminders
Reminder process completed
Found 1 tasks that need reminders
Reminder process completed
Found 1 tasks that need reminders
Reminder process completed
Found 1 tasks that need reminders
Reminder process completed
Found 1 tasks that need reminders
Reminder process completed
Found 1 tasks that need reminders
Reminder process completed
Found 1 tasks that need reminders
Reminder process completed
Found 1 tasks that need reminders
Reminder process completed
Found 1 tasks that need reminders
Reminder process completed
Found 1 tasks that need reminders
Reminder process completed
Found 1 tasks that need reminders
Reminder process completed
Found 1 tasks that need reminders
Reminder process completed
Found 1 tasks that need reminders
Reminder process completed
Found 1 tasks that need reminders
Reminder process completed
Found 1 tasks that need reminders
Reminder process completed
Found 1 tasks that need reminders
Reminder process completed
Found 1 tasks that need reminders
Reminder process completed
Found 1 tasks that need reminders
Reminder process completed
Found 1 tasks that need reminders
Reminder process completed
Found 1 tasks that need reminders
Reminder process completed
Found 1 tasks that need reminders
Reminder process completed
Found 1 tasks that need reminders
Reminder process completed
Found 1 tasks that need reminders
Reminder process completed
Found 1 tasks that need reminders
Reminder process completed
Found 1 tasks that need reminders
Reminder process completed
Found 1 tasks that need reminders
Reminder process completed
Found 1 tasks that need reminders
Reminder process completed
Found 1 tasks that need reminders
Reminder process completed
Found 1 tasks that need reminders
Reminder process completed
Found 1 tasks that need reminders
Reminder process completed
Found 1 tasks that need reminders
Reminder process completed
Found 1 tasks that need reminders
Reminder process completed
Found 1 tasks that need reminders
Reminder process completed
Found 1 tasks that need reminders
Reminder process completed
Found 1 tasks that need reminders
Reminder process completed
Found 1 tasks that need reminders
Reminder process completed
Found 1 tasks that need reminders
Reminder process completed
Found 1 tasks that need reminders
Reminder process completed
Found 1 tasks that need reminders
Reminder process completed
Found 1 tasks that need reminders
Reminder process completed
Found 1 tasks that need reminders
Reminder process completed
Found 1 tasks that need reminders
Reminder process completed
Found 1 tasks that need reminders
Reminder process completed
Found 1 tasks that need reminders
Reminder process completed
Found 1 tasks that need reminders
Reminder process completed
Found 1 tasks that need reminders
Reminder process completed
Found 1 tasks that need reminders
Reminder process completed
Found 1 tasks that need reminders
Reminder process completed
Found 1 tasks that need reminders
Reminder process completed
Found 1 tasks that need reminders
Reminder process completed
Found 1 tasks that need reminders
Reminder process completed
Found 1 tasks that need reminders
Reminder process completed
Found 1 tasks that need reminders
Reminder process completed
Found 1 tasks that need reminders
Reminder process completed
Found 1 tasks that need reminders
Reminder process completed
Found 1 tasks that need reminders
Reminder process completed
Found 1 tasks that need reminders
Reminder process completed
Found 1 tasks that need reminders
Reminder process completed
Found 1 tasks that need reminders
Reminder process completed
Found 1 tasks that need reminders
Reminder process completed
Found 1 tasks that need reminders
Reminder process completed
Found 1 tasks that need reminders
Reminder process completed
Found 1 tasks that need reminders
Reminder process completed
Found 1 tasks that need reminders
Reminder process completed
Found 1 tasks that need reminders
Reminder process completed
Found 1 tasks that need reminders
Reminder process completed
Found 1 tasks that need reminders
Reminder process completed
Found 1 tasks that need reminders
Reminder process completed
Found 1 tasks that need reminders
Reminder process completed
Found 1 tasks that need reminders
Reminder process completed
Found 1 tasks that need reminders
Reminder process completed
Found 1 tasks that need reminders
Reminder process completed
Found 1 tasks that need reminders
Reminder process completed
Found 1 tasks that need reminders
Reminder process completed
Found 1 tasks that need reminders
Reminder process completed
Found 1 tasks that need reminders
Reminder process completed
Found 1 tasks that need reminders
Reminder process completed
hi
Found 1 tasks that need reminders
Reminder process completed
hi
Found 1 tasks that need reminders
Reminder process completed
hi
Found 1 tasks that need reminders
Reminder process completed
hi
Found 1 tasks that need reminders
Reminder process completed
hi
Found 1 tasks that need reminders
Reminder process completed
hi
Found 1 tasks that need reminders
Reminder process completed
Found 1 tasks that need reminders
Reminder process completed
Traceback (most recent call last):
  File "/home/utkarsh/todo_list/manage.py", line 22, in <module>
    main()
  File "/home/utkarsh/todo_list/manage.py", line 18, in main
    execute_from_command_line(sys.argv)
  File "/usr/lib/python3/dist-packages/django/core/management/__init__.py", line 442, in execute_from_command_line
    utility.execute()
  File "/usr/lib/python3/dist-packages/django/core/management/__init__.py", line 436, in execute
    self.fetch_command(subcommand).run_from_argv(self.argv)
  File "/usr/lib/python3/dist-packages/django/core/management/base.py", line 412, in run_from_argv
    self.execute(*args, **cmd_options)
  File "/usr/lib/python3/dist-packages/django/core/management/base.py", line 453, in execute
    self.check()
  File "/usr/lib/python3/dist-packages/django/core/management/base.py", line 485, in check
    all_issues = checks.run_checks(
                 ^^^^^^^^^^^^^^^^^^
  File "/usr/lib/python3/dist-packages/django/core/checks/registry.py", line 88, in run_checks
    new_errors = check(app_configs=app_configs, databases=databases)
                 ^^^^^^^^^^^^^^^^^^^^^^^^^^^^^^^^^^^^^^^^^^^^^^^^^^^
  File "/usr/lib/python3/dist-packages/django/core/checks/urls.py", line 14, in check_url_config
    return check_resolver(resolver)
           ^^^^^^^^^^^^^^^^^^^^^^^^
  File "/usr/lib/python3/dist-packages/django/core/checks/urls.py", line 24, in check_resolver
    return check_method()
           ^^^^^^^^^^^^^^
  File "/usr/lib/python3/dist-packages/django/urls/resolvers.py", line 494, in check
    for pattern in self.url_patterns:
                   ^^^^^^^^^^^^^^^^^
  File "/usr/lib/python3/dist-packages/django/utils/functional.py", line 57, in __get__
    res = instance.__dict__[self.name] = self.func(instance)
                                         ^^^^^^^^^^^^^^^^^^^
  File "/usr/lib/python3/dist-packages/django/urls/resolvers.py", line 715, in url_patterns
    patterns = getattr(self.urlconf_module, "urlpatterns", self.urlconf_module)
                       ^^^^^^^^^^^^^^^^^^^
  File "/usr/lib/python3/dist-packages/django/utils/functional.py", line 57, in __get__
    res = instance.__dict__[self.name] = self.func(instance)
                                         ^^^^^^^^^^^^^^^^^^^
  File "/usr/lib/python3/dist-packages/django/urls/resolvers.py", line 708, in urlconf_module
    return import_module(self.urlconf_name)
           ^^^^^^^^^^^^^^^^^^^^^^^^^^^^^^^^
  File "/usr/lib/python3.12/importlib/__init__.py", line 90, in import_module
    return _bootstrap._gcd_import(name[level:], package, level)
           ^^^^^^^^^^^^^^^^^^^^^^^^^^^^^^^^^^^^^^^^^^^^^^^^^^^^
  File "<frozen importlib._bootstrap>", line 1387, in _gcd_import
  File "<frozen importlib._bootstrap>", line 1360, in _find_and_load
  File "<frozen importlib._bootstrap>", line 1331, in _find_and_load_unlocked
  File "<frozen importlib._bootstrap>", line 935, in _load_unlocked
  File "<frozen importlib._bootstrap_external>", line 995, in exec_module
  File "<frozen importlib._bootstrap>", line 488, in _call_with_frames_removed
  File "/home/utkarsh/todo_list/todo_list/urls.py", line 22, in <module>
    path('', include('base.urls')),
             ^^^^^^^^^^^^^^^^^^^^
  File "/usr/lib/python3/dist-packages/django/urls/conf.py", line 38, in include
    urlconf_module = import_module(urlconf_module)
                     ^^^^^^^^^^^^^^^^^^^^^^^^^^^^^
  File "/usr/lib/python3.12/importlib/__init__.py", line 90, in import_module
    return _bootstrap._gcd_import(name[level:], package, level)
           ^^^^^^^^^^^^^^^^^^^^^^^^^^^^^^^^^^^^^^^^^^^^^^^^^^^^
  File "<frozen importlib._bootstrap>", line 1387, in _gcd_import
  File "<frozen importlib._bootstrap>", line 1360, in _find_and_load
  File "<frozen importlib._bootstrap>", line 1331, in _find_and_load_unlocked
  File "<frozen importlib._bootstrap>", line 935, in _load_unlocked
  File "<frozen importlib._bootstrap_external>", line 995, in exec_module
  File "<frozen importlib._bootstrap>", line 488, in _call_with_frames_removed
  File "/home/utkarsh/todo_list/base/urls.py", line 2, in <module>
    from .views import TaskList, TaskDetail, TaskCreate, TaskUpdate, DeleteView, CustomLoginView, RegisterPage
  File "/home/utkarsh/todo_list/base/views.py", line 24
    return "okayyyyy"
    ^^^^^^^^^^^^^^^^^
SyntaxError: 'return' outside function
Found 1 tasks that need reminders
Reminder process completed
Found 1 tasks that need reminders
Reminder process completed
Found 1 tasks that need reminders
Reminder process completed
Found 1 tasks that need reminders
Reminder process completed
Found 1 tasks that need reminders
Reminder process completed
Found 1 tasks that need reminders
Reminder process completed
Found 1 tasks that need reminders
Reminder process completed
Found 1 tasks that need reminders
Reminder process completed
Found 1 tasks that need reminders
Reminder process completed
Found 1 tasks that need reminders
Reminder process completed
Found 1 tasks that need reminders
Reminder process completed
Found 1 tasks that need reminders
Reminder process completed
Found 2 tasks that need reminders
Sent reminder email to thaokarutkarsh@gmail.com
Reminder process completed
Found 1 tasks that need reminders
Reminder process completed
Found 1 tasks that need reminders
Reminder process completed
Found 1 tasks that need reminders
Reminder process completed
Found 1 tasks that need reminders
Reminder process completed
Found 2 tasks that need reminders
Reminder process completed
Traceback (most recent call last):
  File "/home/utkarsh/todo_list/manage.py", line 22, in <module>
    main()
  File "/home/utkarsh/todo_list/manage.py", line 18, in main
    execute_from_command_line(sys.argv)
  File "/usr/lib/python3/dist-packages/django/core/management/__init__.py", line 442, in execute_from_command_line
    utility.execute()
  File "/usr/lib/python3/dist-packages/django/core/management/__init__.py", line 416, in execute
    django.setup()
  File "/usr/lib/python3/dist-packages/django/__init__.py", line 24, in setup
    apps.populate(settings.INSTALLED_APPS)
  File "/usr/lib/python3/dist-packages/django/apps/registry.py", line 91, in populate
    app_config = AppConfig.create(entry)
                 ^^^^^^^^^^^^^^^^^^^^^^^
  File "/usr/lib/python3/dist-packages/django/apps/config.py", line 193, in create
    import_module(entry)
  File "/usr/lib/python3.12/importlib/__init__.py", line 90, in import_module
    return _bootstrap._gcd_import(name[level:], package, level)
           ^^^^^^^^^^^^^^^^^^^^^^^^^^^^^^^^^^^^^^^^^^^^^^^^^^^^
  File "<frozen importlib._bootstrap>", line 1387, in _gcd_import
  File "<frozen importlib._bootstrap>", line 1360, in _find_and_load
  File "<frozen importlib._bootstrap>", line 1324, in _find_and_load_unlocked
ModuleNotFoundError: No module named 'rest_framework'
Traceback (most recent call last):
  File "/home/utkarsh/todo_list/manage.py", line 22, in <module>
    main()
  File "/home/utkarsh/todo_list/manage.py", line 18, in main
    execute_from_command_line(sys.argv)
  File "/usr/lib/python3/dist-packages/django/core/management/__init__.py", line 442, in execute_from_command_line
    utility.execute()
  File "/usr/lib/python3/dist-packages/django/core/management/__init__.py", line 416, in execute
    django.setup()
  File "/usr/lib/python3/dist-packages/django/__init__.py", line 24, in setup
    apps.populate(settings.INSTALLED_APPS)
  File "/usr/lib/python3/dist-packages/django/apps/registry.py", line 91, in populate
    app_config = AppConfig.create(entry)
                 ^^^^^^^^^^^^^^^^^^^^^^^
  File "/usr/lib/python3/dist-packages/django/apps/config.py", line 193, in create
    import_module(entry)
  File "/usr/lib/python3.12/importlib/__init__.py", line 90, in import_module
    return _bootstrap._gcd_import(name[level:], package, level)
           ^^^^^^^^^^^^^^^^^^^^^^^^^^^^^^^^^^^^^^^^^^^^^^^^^^^^
  File "<frozen importlib._bootstrap>", line 1387, in _gcd_import
  File "<frozen importlib._bootstrap>", line 1360, in _find_and_load
  File "<frozen importlib._bootstrap>", line 1324, in _find_and_load_unlocked
ModuleNotFoundError: No module named 'rest_framework'
Traceback (most recent call last):
  File "/home/utkarsh/todo_list/manage.py", line 22, in <module>
    main()
  File "/home/utkarsh/todo_list/manage.py", line 18, in main
    execute_from_command_line(sys.argv)
  File "/usr/lib/python3/dist-packages/django/core/management/__init__.py", line 442, in execute_from_command_line
    utility.execute()
  File "/usr/lib/python3/dist-packages/django/core/management/__init__.py", line 416, in execute
    django.setup()
  File "/usr/lib/python3/dist-packages/django/__init__.py", line 24, in setup
    apps.populate(settings.INSTALLED_APPS)
  File "/usr/lib/python3/dist-packages/django/apps/registry.py", line 91, in populate
    app_config = AppConfig.create(entry)
                 ^^^^^^^^^^^^^^^^^^^^^^^
  File "/usr/lib/python3/dist-packages/django/apps/config.py", line 193, in create
    import_module(entry)
  File "/usr/lib/python3.12/importlib/__init__.py", line 90, in import_module
    return _bootstrap._gcd_import(name[level:], package, level)
           ^^^^^^^^^^^^^^^^^^^^^^^^^^^^^^^^^^^^^^^^^^^^^^^^^^^^
  File "<frozen importlib._bootstrap>", line 1387, in _gcd_import
  File "<frozen importlib._bootstrap>", line 1360, in _find_and_load
  File "<frozen importlib._bootstrap>", line 1324, in _find_and_load_unlocked
ModuleNotFoundError: No module named 'rest_framework'
Traceback (most recent call last):
  File "/home/utkarsh/todo_list/manage.py", line 22, in <module>
    main()
  File "/home/utkarsh/todo_list/manage.py", line 18, in main
    execute_from_command_line(sys.argv)
  File "/usr/lib/python3/dist-packages/django/core/management/__init__.py", line 442, in execute_from_command_line
    utility.execute()
  File "/usr/lib/python3/dist-packages/django/core/management/__init__.py", line 416, in execute
    django.setup()
  File "/usr/lib/python3/dist-packages/django/__init__.py", line 24, in setup
    apps.populate(settings.INSTALLED_APPS)
  File "/usr/lib/python3/dist-packages/django/apps/registry.py", line 91, in populate
    app_config = AppConfig.create(entry)
                 ^^^^^^^^^^^^^^^^^^^^^^^
  File "/usr/lib/python3/dist-packages/django/apps/config.py", line 193, in create
    import_module(entry)
  File "/usr/lib/python3.12/importlib/__init__.py", line 90, in import_module
    return _bootstrap._gcd_import(name[level:], package, level)
           ^^^^^^^^^^^^^^^^^^^^^^^^^^^^^^^^^^^^^^^^^^^^^^^^^^^^
  File "<frozen importlib._bootstrap>", line 1387, in _gcd_import
  File "<frozen importlib._bootstrap>", line 1360, in _find_and_load
  File "<frozen importlib._bootstrap>", line 1324, in _find_and_load_unlocked
ModuleNotFoundError: No module named 'rest_framework'
